e:\source\dllinject\dllinject\x64\debug\dllinject.pch
e:\source\dllinject\dllinject\x64\debug\vc143.pdb
e:\source\dllinject\dllinject\x64\debug\vc143.idb
e:\source\dllinject\dllinject\x64\debug\pch.obj
e:\source\dllinject\dllinject\x64\debug\dllinjectdlg.obj
e:\source\dllinject\dllinject\x64\debug\dllinject.obj
e:\source\dllinject\x64\debug\dllinject.exe
e:\source\dllinject\dllinject\x64\debug\dllinject.ilk
e:\source\dllinject\x64\debug\dllinject.pdb
e:\source\dllinject\dllinject\x64\debug\dllinject.res
e:\source\dllinject\dllinject\x64\debug\dllinject.tlog\cl.command.1.tlog
e:\source\dllinject\dllinject\x64\debug\dllinject.tlog\cl.items.tlog
e:\source\dllinject\dllinject\x64\debug\dllinject.tlog\cl.read.1.tlog
e:\source\dllinject\dllinject\x64\debug\dllinject.tlog\cl.write.1.tlog
e:\source\dllinject\dllinject\x64\debug\dllinject.tlog\link.command.1.tlog
e:\source\dllinject\dllinject\x64\debug\dllinject.tlog\link.read.1.tlog
e:\source\dllinject\dllinject\x64\debug\dllinject.tlog\link.write.1.tlog
e:\source\dllinject\dllinject\x64\debug\dllinject.tlog\rc.command.1.tlog
e:\source\dllinject\dllinject\x64\debug\dllinject.tlog\rc.read.1.tlog
e:\source\dllinject\dllinject\x64\debug\dllinject.tlog\rc.write.1.tlog
