e:\source\dllinject\dllinject\x64\release\dllinject.pch
e:\source\dllinject\dllinject\x64\release\vc143.pdb
e:\source\dllinject\dllinject\x64\release\pch.obj
e:\source\dllinject\dllinject\x64\release\dllinjectdlg.obj
e:\source\dllinject\dllinject\x64\release\dllinject.obj
e:\source\dllinject\x64\release\dllinject.exe
e:\source\dllinject\dllinject\x64\release\dllinject.ipdb
e:\source\dllinject\x64\release\dllinject.pdb
e:\source\dllinject\dllinject\x64\release\dllinject.iobj
e:\source\dllinject\dllinject\x64\release\dllinject.res
e:\source\dllinject\dllinject\x64\release\dllinject.tlog\cl.command.1.tlog
e:\source\dllinject\dllinject\x64\release\dllinject.tlog\cl.items.tlog
e:\source\dllinject\dllinject\x64\release\dllinject.tlog\cl.read.1.tlog
e:\source\dllinject\dllinject\x64\release\dllinject.tlog\cl.write.1.tlog
e:\source\dllinject\dllinject\x64\release\dllinject.tlog\link.command.1.tlog
e:\source\dllinject\dllinject\x64\release\dllinject.tlog\link.read.1.tlog
e:\source\dllinject\dllinject\x64\release\dllinject.tlog\link.write.1.tlog
e:\source\dllinject\dllinject\x64\release\dllinject.tlog\rc.command.1.tlog
e:\source\dllinject\dllinject\x64\release\dllinject.tlog\rc.read.1.tlog
e:\source\dllinject\dllinject\x64\release\dllinject.tlog\rc.write.1.tlog
